[debug] [2020-01-18T20:46:56.068Z] ----------------------------------------------------------------------
[debug] [2020-01-18T20:46:56.070Z] Command:       C:\Program Files\nodejs\node.exe C:\Users\mediv\AppData\Roaming\npm\node_modules\firebase-tools\lib\bin\firebase.js deploy
[debug] [2020-01-18T20:46:56.070Z] CLI Version:   7.12.1
[debug] [2020-01-18T20:46:56.071Z] Platform:      win32
[debug] [2020-01-18T20:46:56.071Z] Node Version:  v12.13.1
[debug] [2020-01-18T20:46:56.072Z] Time:          Sun Jan 19 2020 02:16:56 GMT+0530 (India Standard Time)
[debug] [2020-01-18T20:46:56.072Z] ----------------------------------------------------------------------
[debug] [2020-01-18T20:46:56.072Z] 
[debug] [2020-01-18T20:46:56.078Z] > command requires scopes: ["email","openid","https://www.googleapis.com/auth/cloudplatformprojects.readonly","https://www.googleapis.com/auth/firebase","https://www.googleapis.com/auth/cloud-platform"]
[debug] [2020-01-18T20:46:56.079Z] > authorizing via signed-in user
[debug] [2020-01-18T20:46:56.079Z] [iam] checking project hacknitp for permissions ["firebase.projects.get","firebasedatabase.instances.update","firebasehosting.sites.update"]
[debug] [2020-01-18T20:46:56.080Z] >>> HTTP REQUEST POST https://cloudresourcemanager.googleapis.com/v1/projects/hacknitp:testIamPermissions  

[debug] [2020-01-18T20:46:58.328Z] <<< HTTP RESPONSE 200
[debug] [2020-01-18T20:46:58.330Z] >>> HTTP REQUEST GET https://firebase.googleapis.com/v1beta1/projects/hacknitp  
 
[debug] [2020-01-18T20:46:59.189Z] <<< HTTP RESPONSE 200
[info] 
[info] === Deploying to 'hacknitp'...
[info] 
[info] i  deploying database, hosting
[info] i  database: checking rules syntax...
[debug] [2020-01-18T20:46:59.193Z] >>> HTTP REQUEST PUT https://hacknitp.firebaseio.com/.settings/rules.json?dryRun=true  
 {
  "rules": {
    ".read": "true",
    ".write": "true"
  }
}

[debug] [2020-01-18T20:47:01.376Z] <<< HTTP RESPONSE 200
[info] +  database: rules syntax for database hacknitp is valid
[debug] [2020-01-18T20:47:01.379Z] >>> HTTP REQUEST POST https://firebasehosting.googleapis.com/v1beta1/sites/hacknitp/versions  

[debug] [2020-01-18T20:47:04.865Z] <<< HTTP RESPONSE 200
[info] i  hosting[hacknitp]: beginning deploy...
[info] i  hosting[hacknitp]: found 151 files in dist/hack
[debug] [2020-01-18T20:47:05.349Z] [hosting] hash cache [ZGlzdFxoYWNr] stored for 151 files
[debug] [2020-01-18T20:47:05.350Z] [hosting][hash queue][FINAL]
[debug] [2020-01-18T20:47:05.350Z] >>> HTTP REQUEST POST https://firebasehosting.googleapis.com/v1beta1/sites/hacknitp/versions/daa1020f2f324d4e:populateFiles  
 <request body omitted>
[debug] [2020-01-18T20:47:08.983Z] <<< HTTP RESPONSE 200
[debug] [2020-01-18T20:47:08.985Z] [hosting][populate queue][FINAL]
[debug] [2020-01-18T20:47:08.985Z] [hosting] uploads queued: 4
